<?xml version="1.0" encoding="UTF-8"?>
<!-- Generated by org.testng.reporters.JUnitXMLReporter -->
<testsuite hostname="DESKTOP-90USLHT" ignored="0" name="Test" tests="1" failures="0" timestamp="22 七月 2019 08:38:15 GMT" time="0.101" errors="0">
  <testcase name="@BeforeClass setUp" time="0.036" classname="com.shijie.base.BaseActivity">
    <failure type="java.lang.NullPointerException">
      <![CDATA[java.lang.NullPointerException
at com.shijie.base.BaseActivity.setUp(BaseActivity.java:37)
... Removed 26 stack frames]]>
    </failure>
  </testcase> <!-- @BeforeClass setUp -->
  <testcase name="@AfterClass tearDown" time="0.0" classname="com.shijie.base.BaseActivity">
    <skipped/>
  </testcase> <!-- @AfterClass tearDown -->
  <testcase name="test_register_sucess" time="0.0" classname="com.shijie.testScripts.TestRegister">
    <skipped/>
  </testcase> <!-- test_register_sucess -->
</testsuite> <!-- Test -->
